PRT1
125
401
4 0 13 (1376 1024 1184 ) (1024 1024 1184 ) (1024 1024 -1024 ) (1376 1024 -1024 ) 
4 0 10 (1024 1024 -256 ) (1024 1024 -192 ) (1024 1536 -192 ) (1024 1536 -256 ) 
4 0 12 (1024 1024 -1024 ) (1024 1024 -256 ) (1024 1536 -256 ) (1024 1536 -1024 ) 
4 0 9 (1024 1536 -192 ) (1024 1824 -192 ) (1024 1824 -1024 ) (1024 1536 -1024 ) 
4 0 5 (1024 1024 -192 ) (1024 1024 1184 ) (1024 1536 1184 ) (1024 1536 -192 ) 
4 0 1 (1024 1536 1184 ) (1024 1824 1184 ) (1024 1824 -192 ) (1024 1536 -192 ) 
4 1 9 (1024 1824 -192 ) (1024 1536 -192 ) (672 1536 -192 ) (672 1824 -192 ) 
4 1 5 (672 1536 -192 ) (1024 1536 -192 ) (1024 1536 1184 ) (672 1536 1184 ) 
4 1 3 (672 1536 224 ) (672 1536 1184 ) (672 1744 1184 ) (672 1744 224 ) 
4 1 2 (672 1824 1184 ) (672 1824 -192 ) (672 1744 -192 ) (672 1744 1184 ) 
4 2 9 (64 1744 -192 ) (64 1824 -192 ) (672 1824 -192 ) (672 1744 -192 ) 
4 2 3 (64 1744 1184 ) (64 1744 224 ) (672 1744 224 ) (672 1744 1184 ) 
4 2 4 (64 1824 1184 ) (64 1824 -192 ) (64 1744 -192 ) (64 1744 1184 ) 
4 3 5 (672 1536 224 ) (672 1536 1184 ) (64 1536 1184 ) (64 1536 224 ) 
4 3 4 (64 1536 224 ) (64 1536 1184 ) (64 1744 1184 ) (64 1744 224 ) 
4 4 58 (0 1824 -192 ) (0 1536 -192 ) (0 1536 1184 ) (0 1824 1184 ) 
4 4 9 (64 1536 -192 ) (0 1536 -192 ) (0 1824 -192 ) (64 1824 -192 ) 
3 4 8 (0 1536 256 ) (0 1536 224 ) (64 1536 224 ) 
3 4 6 (0 1536 304 ) (0 1536 288 ) (32 1536 264 ) 
4 4 5 (0 1536 1184 ) (0 1536 304 ) (64 1536 224 ) (64 1536 1184 ) 
4 5 60 (0 1024 304 ) (0 1024 1184 ) (0 1536 1184 ) (0 1536 304 ) 
3 5 43 (243.199982 1024 0 ) (384 1024 -176 ) (384 1024 0 ) 
4 5 38 (384 1024 256 ) (38.399994 1024 256 ) (140.799957 1024 128 ) (384 1024 128 ) 
4 5 37 (140.799957 1024 128 ) (243.199982 1024 0 ) (384 1024 0 ) (384 1024 128 ) 
4 5 28 (672 1024 256 ) (384 1024 256 ) (384 1024 128 ) (672 1024 128 ) 
5 5 26 (384 1024 128 ) (384 1024 -176 ) (396.799957 1024 -192 ) (672 1024 -192 ) (672 1024 128 ) 
4 5 25 (1024 1024 -192 ) (1024 1024 256 ) (672 1024 256 ) (672 1024 -192 ) 
5 5 15 (672 1024 1184 ) (0 1024 1184 ) (0 1024 304 ) (38.399994 1024 256 ) (672 1024 256 ) 
4 5 14 (1024 1024 256 ) (1024 1024 1184 ) (672 1024 1184 ) (672 1024 256 ) 
4 5 10 (1024 1536 -192 ) (1024 1024 -192 ) (672 1024 -192 ) (672 1536 -192 ) 
4 5 7 (64 1536 224 ) (396.800110 1536 -192 ) (396.800049 1024 -192 ) (64 1024 224 ) 
4 5 6 (0 1024 304 ) (0 1536 304 ) (32 1536 264 ) (32 1024 264 ) 
4 6 60 (0 1024 288 ) (0 1024 304 ) (0 1536 304 ) (0 1536 288 ) 
3 6 16 (0 1024 304 ) (0 1024 288 ) (32 1024 264 ) 
5 7 43 (64 1024 -192 ) (384 1024 -192 ) (384 1024 -176 ) (243.199982 1024 0 ) (64 1024 0 ) 
3 7 41 (140.799988 1024 128 ) (64 1024 224 ) (64 1024 128 ) 
4 7 39 (243.199982 1024 0 ) (140.799988 1024 128 ) (64 1024 128 ) (64 1024 0 ) 
3 7 26 (384 1024 -192 ) (396.799957 1024 -192 ) (384 1024 -176 ) 
4 8 59 (0 1024 224 ) (0 1024 256 ) (0 1536 256 ) (0 1536 224 ) 
3 8 42 (0 1024 256 ) (0 1024 224 ) (64 1024 224 ) 
4 9 58 (0 1536 -192 ) (0 1824 -192 ) (0 1824 -1024 ) (0 1536 -1024 ) 
4 9 10 (1024 1536 -256 ) (1024 1536 -192 ) (672 1536 -192 ) (672 1536 -256 ) 
4 9 11 (64 1536 -192 ) (0 1536 -192 ) (0 1536 -256 ) (64 1536 -256 ) 
4 9 12 (0 1536 -1024 ) (1024 1536 -1024 ) (1024 1536 -256 ) (0 1536 -256 ) 
4 10 54 (1024 1024 -256 ) (1024 1024 -192 ) (672 1024 -192 ) (672 1024 -256 ) 
4 10 12 (1024 1024 -256 ) (672 1024 -256 ) (672 1536 -256 ) (1024 1536 -256 ) 
4 11 62 (0 1024 -256 ) (0 1024 -192 ) (0 1536 -192 ) (0 1536 -256 ) 
4 11 55 (64 1024 -192 ) (0 1024 -192 ) (0 1024 -256 ) (64 1024 -256 ) 
4 11 12 (64 1024 -256 ) (0 1024 -256 ) (0 1536 -256 ) (64 1536 -256 ) 
4 12 62 (0 1024 -1024 ) (0 1024 -256 ) (0 1536 -256 ) (0 1536 -1024 ) 
4 12 57 (1024 1024 -1024 ) (1024 1024 -256 ) (0 1024 -256 ) (0 1024 -1024 ) 
4 13 94 (1376 0 1184 ) (1024 0 1184 ) (1024 0 -1024 ) (1376 0 -1024 ) 
4 13 57 (1024 1024 -256 ) (1024 1024 -1024 ) (1024 0 -1024 ) (1024 0 -256 ) 
4 13 54 (1024 1024 -192 ) (1024 1024 -256 ) (1024 832 -256 ) (1024 832 -192 ) 
4 13 56 (1024 832 -256 ) (1024 0 -256 ) (1024 0 -192 ) (1024 832 -192 ) 
4 13 30 (1024 0 -64 ) (1024 0 256 ) (1024 320 256 ) (1024 320 -64 ) 
4 13 36 (1024 320 -192 ) (1024 0 -192 ) (1024 0 -64 ) (1024 320 -64 ) 
4 13 25 (1024 1024 256 ) (1024 1024 -192 ) (1024 320 -192 ) (1024 320 256 ) 
4 13 22 (1024 640 256 ) (1024 0 256 ) (1024 0 1184 ) (1024 640 1184 ) 
4 13 14 (1024 1024 1184 ) (1024 1024 256 ) (1024 640 256 ) (1024 640 1184 ) 
4 14 25 (672 1024 256 ) (1024 1024 256 ) (1024 640 256 ) (672 640 256 ) 
4 14 22 (672 640 256 ) (1024 640 256 ) (1024 640 1184 ) (672 640 1184 ) 
3 14 20 (672 768 256 ) (672 640 256 ) (672 640 288 ) 
3 14 18 (672 768 288 ) (672 784 284 ) (672 800 264 ) 
3 14 17 (672 640 320 ) (672 640 464 ) (672 784 284 ) 
5 14 15 (672 1024 256 ) (672 806.400024 256 ) (672 640 464 ) (672 640 1184 ) (672 1024 1184 ) 
3 15 74 (0 768 304 ) (0 755.200073 320 ) (0 768 320 ) 
4 15 65 (0 1024 320 ) (0 1024 304 ) (0 768 304 ) (0 768 320 ) 
5 15 64 (0 1024 1184 ) (0 1024 320 ) (0 755.200073 320 ) (0 640 464 ) (0 640 1184 ) 
4 15 38 (38.399944 1024 256 ) (384 1024 256 ) (384 806.400024 256 ) (38.399902 806.400024 256 ) 
4 15 28 (384 1024 256 ) (672 1024 256 ) (672 806.400024 256 ) (384 806.400024 256 ) 
4 15 23 (384 640 1184 ) (0 640 1184 ) (0 640 464 ) (384 640 464 ) 
4 15 22 (672 640 464 ) (672 640 1184 ) (384 640 1184 ) (384 640 464 ) 
4 15 18 (672 800.005676 263.995728 ) (672 784.002563 284 ) (16 784.002563 284 ) (32.003342 800.005676 263.995728 ) 
5 15 17 (672 784.002563 284 ) (672 640 464 ) (0 640 464 ) (0 768.001892 304 ) (16 784.002563 284 ) 
4 15 16 (32 800 264 ) (0 768 304 ) (0 1024 304 ) (32 1024 264 ) 
4 16 65 (0 1024 304 ) (0 1024 288 ) (0 780.800110 288 ) (0 768 304 ) 
3 16 19 (32 800.002258 264 ) (16 784.002563 284 ) (5.334100 784.002563 284 ) 
4 16 17 (16 784.002563 284 ) (0 768.001892 304 ) (0 780.802063 288 ) (5.334100 784.002563 284 ) 
4 17 74 (0 640 320 ) (0 755.200012 320 ) (0 768 304 ) (0 768 288 ) 
3 17 65 (0 768 304 ) (0 780.800049 288 ) (0 768 288 ) 
3 17 64 (0 640 320 ) (0 640 464 ) (0 755.200012 320 ) 
4 17 23 (384 640 464 ) (0 640 464 ) (0 640 320 ) (384 640 320 ) 
4 17 22 (672 640 320 ) (672 640 464 ) (384 640 464 ) (384 640 320 ) 
4 17 19 (5.332592 783.998047 284 ) (16 783.998047 284 ) (12.799988 768 288 ) (0 768 288 ) 
4 17 18 (16 783.998047 284 ) (672 783.998047 284 ) (672 768 288 ) (12.799988 768 288 ) 
3 18 19 (31.988281 799.984375 264.019531 ) (12.800781 768.007813 288 ) (15.998827 783.998047 284.002441 ) 
4 20 49 (384 640 256 ) (64 640 256 ) (64 768 256 ) (384 768 256 ) 
4 20 29 (672 736 256 ) (672 640 256 ) (640 640 256 ) (640 736 256 ) 
4 20 27 (672 768 256 ) (672 736 256 ) (384 736 256 ) (384 768 256 ) 
4 20 23 (38.399906 640 256 ) (384 640 256 ) (384 640 288 ) (12.799902 640 288 ) 
4 20 22 (384 640 256 ) (672 640 256 ) (672 640 288 ) (384 640 288 ) 
3 20 21 (32.001900 640 263.998505 ) (12.800703 640 288 ) (32.001999 736.006348 263.998444 ) 
3 21 23 (32 640 264 ) (12.799892 640 288 ) (0 640 288 ) 
4 22 96 (1024 0 256 ) (1024 0 320 ) (384 0 320 ) (384 0 256 ) 
4 22 95 (1024 0 320 ) (1024 0 1184 ) (384 0 1184 ) (384 0 320 ) 
4 22 34 (480 64 256 ) (480 320 256 ) (576 320 256 ) (576 64 256 ) 
4 22 35 (480 0 256 ) (384 0 256 ) (384 320 256 ) (480 320 256 ) 
4 22 32 (576 128 256 ) (576 320 256 ) (640 320 256 ) (640 128 256 ) 
4 22 33 (640 0 256 ) (576 0 256 ) (576 64 256 ) (640 64 256 ) 
4 22 31 (704 0 256 ) (640 0 256 ) (640 128 256 ) (704 128 256 ) 
4 22 30 (1024 0 256 ) (704 0 256 ) (704 320 256 ) (1024 320 256 ) 
4 22 29 (640 640 256 ) (672 640 256 ) (672 320 256 ) (640 320 256 ) 
4 22 25 (672 640 256 ) (1024 640 256 ) (1024 320 256 ) (672 320 256 ) 
4 22 24 (384 0 1184 ) (384 320 1184 ) (384 320 320 ) (384 0 320 ) 
4 22 23 (384 320 1184 ) (384 640 1184 ) (384 640 256 ) (384 320 256 ) 
4 23 77 (0 640 320 ) (0 640 256 ) (0 320 256 ) (0 320 320 ) 
4 23 64 (0 320 1184 ) (0 640 1184 ) (0 640 320 ) (0 320 320 ) 
4 23 50 (64 640 256 ) (384 640 256 ) (384 320 256 ) (64 320 256 ) 
4 23 24 (384 320 320 ) (384 320 1184 ) (0 320 1184 ) (0 320 320 ) 
4 24 95 (384 0 1184 ) (0 0 1184 ) (0 0 320 ) (384 0 320 ) 
4 24 64 (0 0 320 ) (0 0 1184 ) (0 320 1184 ) (0 320 320 ) 
4 25 54 (1024 1024 -192 ) (1024 832 -192 ) (672 832 -192 ) (672 1024 -192 ) 
4 25 56 (1024 832 -192 ) (1024 320 -192 ) (672 320 -192 ) (672 832 -192 ) 
4 25 30 (1024 320 -64 ) (1024 320 256 ) (704 320 256 ) (704 320 -64 ) 
4 25 36 (672 320 -192 ) (1024 320 -192 ) (1024 320 -64 ) (672 320 -64 ) 
4 25 29 (672 320 224 ) (672 320 256 ) (672 736 256 ) (672 736 224 ) 
4 25 28 (672 806.399963 256 ) (672 1024 256 ) (672 1024 128 ) (672 832 224 ) 
4 25 27 (672 736 224 ) (672 736 256 ) (672 768 256 ) (672 832 224 ) 
4 25 26 (672 1024 -192 ) (672 832 -192 ) (672 832 224 ) (672 1024 128 ) 
4 26 43 (384 1024 -192 ) (384 832 -192 ) (384 832 0 ) (384 1024 0 ) 
4 26 37 (384 832 0 ) (384 832 224 ) (384 1024 128 ) (384 1024 0 ) 
4 26 28 (384 1024 128 ) (384 832 224 ) (672 832 224 ) (672 1024 128 ) 
4 27 49 (384 736 224 ) (384 736 256 ) (384 768 256 ) (384 768 224 ) 
4 27 47 (384 768 256 ) (384 800 240 ) (384 800 224 ) (384 768 224 ) 
3 27 37 (384 800 240 ) (384 832 224 ) (384 800 224 ) 
4 27 29 (640 736 224 ) (672 736 224 ) (672 736 256 ) (640 736 256 ) 
4 28 38 (384 806.399963 256 ) (384 1024 256 ) (384 1024 128 ) (384 832 224 ) 
4 30 98 (1024 0 -64 ) (1024 0 256 ) (704 0 256 ) (704 0 -64 ) 
4 30 31 (704 128 -64 ) (704 0 -64 ) (704 0 256 ) (704 128 256 ) 
4 30 36 (704 320 -64 ) (1024 320 -64 ) (1024 0 -64 ) (704 0 -64 ) 
4 31 98 (704 0 256 ) (640 0 256 ) (640 0 -64 ) (704 0 -64 ) 
4 31 33 (640 64 -64 ) (640 0 -64 ) (640 0 256 ) (640 64 256 ) 
4 31 36 (704 128 -64 ) (704 0 -64 ) (640 0 -64 ) (640 128 -64 ) 
4 32 34 (576 320 256 ) (576 320 -64 ) (576 128 -64 ) (576 128 256 ) 
4 32 36 (576 320 -64 ) (640 320 -64 ) (640 128 -64 ) (576 128 -64 ) 
4 33 98 (640 0 256 ) (576 0 256 ) (576 0 -64 ) (640 0 -64 ) 
4 33 36 (640 64 -64 ) (640 0 -64 ) (576 0 -64 ) (576 64 -64 ) 
4 34 35 (480 320 256 ) (480 320 -64 ) (480 64 -64 ) (480 64 256 ) 
4 34 36 (480 320 -64 ) (576 320 -64 ) (576 64 -64 ) (480 64 -64 ) 
4 35 50 (384 256 256 ) (384 320 256 ) (384 320 -64 ) (384 256 -64 ) 
4 35 51 (384 0 -64 ) (384 0 256 ) (384 256 256 ) (384 256 -64 ) 
4 35 36 (384 0 -64 ) (384 320 -64 ) (480 320 -64 ) (480 0 -64 ) 
4 36 106 (1024 0 -192 ) (1024 0 -64 ) (384 0 -64 ) (384 0 -192 ) 
4 36 56 (1024 320 -192 ) (1024 0 -192 ) (384 0 -192 ) (384 320 -192 ) 
4 36 53 (384 320 -192 ) (384 0 -192 ) (384 0 -128 ) (384 320 -128 ) 
4 37 47 (384 800 64 ) (384 800 240 ) (51.199867 800 240 ) (64 800 224 ) 
4 37 46 (384 800 0 ) (384 800 64 ) (64 800 224 ) (243.199905 800 0 ) 
4 37 44 (320 800 0 ) (243.199921 800 0 ) (243.199921 832 0 ) (320 832 0 ) 
4 37 43 (243.199921 832 0 ) (243.199951 1024 0 ) (384 1024 0 ) (384 832 0 ) 
5 37 39 (243.199341 1024 0 ) (243.199310 800 0 ) (64 800 224 ) (64 832.001770 224 ) (140.799316 1024 128 ) 
4 37 38 (140.799194 1024 128 ) (64 832 224 ) (384 832 224 ) (384 1024 128 ) 
3 38 41 (64 1024 224 ) (140.799316 1024 128 ) (64 832 224 ) 
3 39 46 (64 800 0 ) (243.199905 800 0 ) (64 800 224 ) 
4 39 44 (243.199921 800 0 ) (128 800 0 ) (128 832 0 ) (243.199921 832 0 ) 
4 39 43 (64 832 0 ) (64 1024 0 ) (243.199951 1024 0 ) (243.199921 832 0 ) 
3 39 41 (64 832.001953 224 ) (140.799225 1024 128 ) (64 1024 128 ) 
4 39 40 (64 800 223.996094 ) (64 832 223.996094 ) (64 832 0 ) (64 800 0 ) 
4 40 66 (0 832 0 ) (0 800 0 ) (0 800 240 ) (0 832 224 ) 
5 40 46 (0 800 240 ) (0 800 0 ) (64 800 0 ) (64 800 224 ) (32 800 240 ) 
4 40 45 (64 800 0 ) (0 800 0 ) (0 832 0 ) (64 832 0 ) 
4 42 68 (0 806.400024 256 ) (0 1024 256 ) (0 1024 224 ) (0 832 224 ) 
4 43 44 (128 832 -192 ) (320 832 -192 ) (320 832 0 ) (128 832 0 ) 
4 44 56 (128 832 -192 ) (320 832 -192 ) (320 800 -192 ) (128 800 -192 ) 
4 44 52 (128 800 -192 ) (320 800 -192 ) (320 800 -64 ) (128 800 -64 ) 
4 44 46 (320 800 -64 ) (320 800 0 ) (128 800 0 ) (128 800 -64 ) 
4 45 91 (0 832 -192 ) (0 800 -192 ) (0 800 -64 ) (0 832 -64 ) 
4 45 66 (0 800 -64 ) (0 800 0 ) (0 832 0 ) (0 832 -64 ) 
4 45 56 (0 800 -192 ) (0 832 -192 ) (64 832 -192 ) (64 800 -192 ) 
4 45 52 (0 800 -192 ) (64 800 -192 ) (64 800 -64 ) (0 800 -64 ) 
4 45 46 (64 800 -64 ) (64 800 0 ) (0 800 0 ) (0 800 -64 ) 
4 46 66 (0 768 256 ) (0 800 240 ) (0 800 -64 ) (0 768 -64 ) 
4 46 52 (0 800 -64 ) (384 800 -64 ) (384 768 -64 ) (0 768 -64 ) 
4 46 48 (64 768 -64 ) (384 768 -64 ) (384 768 64 ) (64 768 224 ) 
4 46 47 (64 768 224 ) (384 768 64 ) (384 800 64 ) (64 800 224 ) 
4 47 49 (384 768 64 ) (384 768 256 ) (64 768 256 ) (64 768 224 ) 
4 48 52 (384 768 -64 ) (384 640 -64 ) (64 640 -64 ) (64 768 -64 ) 
4 48 50 (64 640 -64 ) (384 640 -64 ) (384 640 64 ) (64 640 224 ) 
4 48 49 (384 768 64 ) (64 768 224 ) (64 640 224 ) (384 640 64 ) 
4 49 50 (384 640 64 ) (384 640 256 ) (64 640 256 ) (64 640 224 ) 
4 50 52 (384 640 -64 ) (384 320 -64 ) (64 320 -64 ) (64 640 -64 ) 
4 50 51 (64 256 -64 ) (384 256 -64 ) (384 256 256 ) (64 256 256 ) 
4 51 102 (288 0 256 ) (192 0 256 ) (192 0 -64 ) (288 0 -64 ) 
4 51 103 (192 0 256 ) (0 0 256 ) (0 0 -64 ) (192 0 -64 ) 
4 51 100 (384 0 256 ) (288 0 256 ) (288 0 -64 ) (384 0 -64 ) 
4 51 79 (0 0 -64 ) (0 0 256 ) (0 256 256 ) (0 256 -64 ) 
4 52 91 (0 320 -64 ) (0 800 -64 ) (0 800 -192 ) (0 320 -192 ) 
4 52 56 (0 320 -192 ) (0 800 -192 ) (384 800 -192 ) (384 320 -192 ) 
4 52 53 (0 320 -192 ) (384 320 -192 ) (384 320 -128 ) (0 320 -128 ) 
4 53 107 (0 0 -128 ) (0 0 -192 ) (384 0 -192 ) (384 0 -128 ) 
4 53 92 (0 0 -192 ) (0 0 -128 ) (0 320 -128 ) (0 320 -192 ) 
4 53 56 (384 0 -192 ) (0 0 -192 ) (0 320 -192 ) (384 320 -192 ) 
4 54 57 (672 1024 -256 ) (1024 1024 -256 ) (1024 832 -256 ) (672 832 -256 ) 
4 54 56 (672 832 -256 ) (1024 832 -256 ) (1024 832 -192 ) (672 832 -192 ) 
4 55 89 (0 832 -192 ) (0 1024 -192 ) (0 1024 -256 ) (0 832 -256 ) 
4 55 57 (0 832 -256 ) (0 1024 -256 ) (64 1024 -256 ) (64 832 -256 ) 
4 55 56 (0 832 -256 ) (64 832 -256 ) (64 832 -192 ) (0 832 -192 ) 
4 56 107 (384 0 -192 ) (0 0 -192 ) (0 0 -256 ) (384 0 -256 ) 
4 56 106 (1024 0 -256 ) (1024 0 -192 ) (384 0 -192 ) (384 0 -256 ) 
4 56 92 (0 0 -256 ) (0 0 -192 ) (0 320 -192 ) (0 320 -256 ) 
4 56 91 (0 320 -192 ) (0 832 -192 ) (0 832 -256 ) (0 320 -256 ) 
4 56 57 (1024 0 -256 ) (0 0 -256 ) (0 832 -256 ) (1024 832 -256 ) 
4 57 107 (384 0 -256 ) (0 0 -256 ) (0 0 -1024 ) (384 0 -1024 ) 
4 57 106 (1024 0 -1024 ) (1024 0 -256 ) (384 0 -256 ) (384 0 -1024 ) 
4 57 92 (0 0 -1024 ) (0 0 -256 ) (0 320 -256 ) (0 320 -1024 ) 
4 57 91 (0 320 -256 ) (0 832 -256 ) (0 832 -1024 ) (0 320 -1024 ) 
4 57 89 (0 832 -256 ) (0 1024 -256 ) (0 1024 -1024 ) (0 832 -1024 ) 
4 58 62 (-64 1536 -1024 ) (0 1536 -1024 ) (0 1536 -192 ) (-64 1536 -192 ) 
4 58 63 (-1024 1536 -1024 ) (-64 1536 -1024 ) (-64 1536 224 ) (-1024 1536 224 ) 
4 58 60 (0 1536 288 ) (0 1536 1184 ) (-128 1536 1184 ) (-128 1536 320 ) 
4 58 59 (0 1536 224 ) (0 1536 256 ) (-128 1536 288 ) (-128 1536 224 ) 
4 58 61 (-128 1536 1184 ) (-1024 1536 1184 ) (-1024 1536 224 ) (-128 1536 224 ) 
4 59 68 (0 1024 224 ) (0 1024 256 ) (-64 1024 272 ) (-64 1024 224 ) 
4 59 69 (-64 1024 272 ) (-128 1024 288 ) (-128 1024 224 ) (-64 1024 224 ) 
4 59 63 (-128 1536 224 ) (-64 1536 224 ) (-64 1024 224 ) (-128 1024 224 ) 
4 59 61 (-128 1536 288 ) (-128 1536 224 ) (-128 1024 224 ) (-128 1024 288 ) 
3 60 65 (0 1024 288 ) (0 1024 320 ) (-128 1024 320 ) 
4 60 64 (0 1024 320 ) (0 1024 1184 ) (-128 1024 1184 ) (-128 1024 320 ) 
4 60 61 (-128 1536 1184 ) (-128 1536 320 ) (-128 1024 320 ) (-128 1024 1184 ) 
4 61 87 (-704 1024 224 ) (-640 1024 224 ) (-640 1024 256 ) (-704 1024 256 ) 
4 61 88 (-1024 1024 256 ) (-1024 1024 224 ) (-704 1024 224 ) (-704 1024 256 ) 
4 61 86 (-640 1024 1184 ) (-1024 1024 1184 ) (-1024 1024 256 ) (-640 1024 256 ) 
4 61 71 (-128 1024 288 ) (-128 1024 320 ) (-224 1024 320 ) (-224 1024 312 ) 
4 61 69 (-224 1024 224 ) (-128 1024 224 ) (-128 1024 288 ) (-224 1024 312 ) 
4 61 76 (-640 1024 320 ) (-640 1024 224 ) (-224 1024 224 ) (-224 1024 320 ) 
4 61 64 (-128 1024 1184 ) (-640 1024 1184 ) (-640 1024 320 ) (-128 1024 320 ) 
4 61 63 (-1024 1024 224 ) (-1024 1536 224 ) (-128 1536 224 ) (-128 1024 224 ) 
4 62 89 (0 1024 -1024 ) (0 1024 -192 ) (-64 1024 -192 ) (-64 1024 -1024 ) 
4 62 63 (-64 1536 -192 ) (-64 1536 -1024 ) (-64 1024 -1024 ) (-64 1024 -192 ) 
4 63 90 (-1024 1024 -64 ) (-1024 1024 -1024 ) (-64 1024 -1024 ) (-64 1024 -64 ) 
4 63 87 (-640 1024 224 ) (-704 1024 224 ) (-704 1024 -64 ) (-640 1024 -64 ) 
4 63 88 (-704 1024 224 ) (-1024 1024 224 ) (-1024 1024 -64 ) (-704 1024 -64 ) 
4 63 69 (-64 1024 224 ) (-224 1024 224 ) (-224 1024 128 ) (-64 1024 128 ) 
4 63 67 (-224 1024 128 ) (-224 1024 -64 ) (-64 1024 -64 ) (-64 1024 128 ) 
4 63 76 (-224 1024 224 ) (-640 1024 224 ) (-640 1024 -64 ) (-224 1024 -64 ) 
4 64 109 (0 0 320 ) (0 0 1184 ) (-192 0 1184 ) (-192 0 320 ) 
4 64 110 (-192 0 1184 ) (-640 0 1184 ) (-640 0 320 ) (-192 0 320 ) 
4 64 86 (-640 1024 1184 ) (-640 1024 320 ) (-640 0 320 ) (-640 0 1184 ) 
4 64 77 (-192 320 320 ) (-192 640 320 ) (0 640 320 ) (0 320 320 ) 
4 64 78 (-192 0 320 ) (-640 0 320 ) (-640 640 320 ) (-192 640 320 ) 
4 64 75 (-128 640 320 ) (-224 640 320 ) (-224 768 320 ) (-128 768 320 ) 
4 64 74 (0 768 320 ) (0 640 320 ) (-128 640 320 ) (-128 768 320 ) 
4 64 71 (-224 1024 320 ) (-128 1024 320 ) (-128 768 320 ) (-224 768 320 ) 
4 64 65 (-128 1024 320 ) (0 1024 320 ) (0 768 320 ) (-128 768 320 ) 
4 64 76 (-640 640 320 ) (-640 1024 320 ) (-224 1024 320 ) (-224 640 320 ) 
3 65 74 (0 768 288 ) (0 768 320 ) (-128 768 320 ) 
4 66 91 (0 832 -64 ) (0 768 -64 ) (-64 768 -64 ) (-64 832 -64 ) 
4 66 67 (-64 768 -64 ) (-64 768 255.998047 ) (-64 832 223.998047 ) (-64 832 -64 ) 
4 67 91 (-64 832 -64 ) (-64 768 -64 ) (-192 768 -64 ) (-192 832 -64 ) 
4 67 93 (-192 768 -64 ) (-224 768 -64 ) (-224 832 -64 ) (-192 832 -64 ) 
4 67 90 (-224 1024 -64 ) (-64 1024 -64 ) (-64 832 -64 ) (-224 832 -64 ) 
4 67 73 (-224 768 256 ) (-224 768 -64 ) (-64 768 -64 ) (-64 768 256 ) 
4 67 69 (-224 1024 128 ) (-224 832 224 ) (-64 832 224 ) (-64 1024 128 ) 
4 67 76 (-224 1024 -64 ) (-224 768 -64 ) (-224 768 256 ) (-224 1024 128 ) 
3 68 70 (-31.996948 800 264 ) (-64 793.600403 272 ) (-64 800 264 ) 
4 68 69 (-64 831.996887 224 ) (-64 793.596924 272 ) (-64 1024 272 ) (-64 1024 224 ) 
3 69 75 (-224 768 312 ) (-224 768 304 ) (-192 768 304 ) 
5 69 71 (-224 1024 312 ) (-224 768 312 ) (-192 768 304 ) (-128 780.799988 288 ) (-128 1024 288 ) 
5 69 70 (-64 800 264 ) (-64 793.600403 272 ) (-192.002045 768 304 ) (-224 768 304 ) (-224 800 264 ) 
5 69 76 (-224 768 304 ) (-224 768 312 ) (-224 1024 312 ) (-224 1024 128 ) (-224 832 224 ) 
4 70 75 (-224 768 304 ) (-224 768 288 ) (-128 768 288 ) (-192 768 304 ) 
3 70 71 (-192 768 304 ) (-128 768 288 ) (-128 780.799988 288 ) 
3 70 76 (-224 768 288 ) (-224 768 304 ) (-224 800 264 ) 
4 71 75 (-224 768 320 ) (-224 768 312 ) (-128 768 288 ) (-128 768 320 ) 
4 71 76 (-224 768 312 ) (-224 768 320 ) (-224 1024 320 ) (-224 1024 312 ) 
3 72 77 (0 640 256 ) (-64 640 272 ) (-64 640 256 ) 
4 72 73 (-64 640 256 ) (-64 640 272 ) (-64 704 272 ) (-64 768 256 ) 
4 73 91 (-64 640 -64 ) (-192 640 -64 ) (-192 768 -64 ) (-64 768 -64 ) 
4 73 93 (-192 640 -64 ) (-224 640 -64 ) (-224 768 -64 ) (-192 768 -64 ) 
4 73 80 (-224 640 256 ) (-224 640 -64 ) (-64 640 -64 ) (-64 640 256 ) 
5 73 77 (-192 640 256 ) (-64 640 256 ) (-64 640 272 ) (-128 640 288 ) (-192 640 288 ) 
4 73 78 (-224 640 288 ) (-224 640 256 ) (-192 640 256 ) (-192 640 288 ) 
4 73 76 (-224 768 -64 ) (-224 640 -64 ) (-224 640 288 ) (-224 768 256 ) 
3 75 76 (-224 640 320 ) (-224 768 320 ) (-224 768 288 ) 
4 76 93 (-640 640 -64 ) (-640 832 -64 ) (-224 832 -64 ) (-224 640 -64 ) 
4 76 90 (-640 832 -64 ) (-640 1024 -64 ) (-224 1024 -64 ) (-224 832 -64 ) 
4 76 87 (-640 1024 256 ) (-640 1024 -64 ) (-640 640 -64 ) (-640 640 256 ) 
4 76 86 (-640 1024 320 ) (-640 1024 256 ) (-640 640 256 ) (-640 640 320 ) 
4 76 80 (-640 640 256 ) (-640 640 -64 ) (-224 640 -64 ) (-224 640 256 ) 
4 76 78 (-224 640 320 ) (-640 640 320 ) (-640 640 256 ) (-224 640 256 ) 
4 77 80 (-192 320 256 ) (-192 640 256 ) (-64 640 256 ) (-64 320 256 ) 
4 77 78 (-192 640 320 ) (-192 640 256 ) (-192 320 256 ) (-192 320 320 ) 
4 78 110 (-192 0 320 ) (-640 0 320 ) (-640 0 256 ) (-192 0 256 ) 
4 78 86 (-640 0 256 ) (-640 0 320 ) (-640 640 320 ) (-640 640 256 ) 
4 78 83 (-192 0 256 ) (-640 0 256 ) (-640 44.712551 256 ) (-192 44.712555 256 ) 
4 78 82 (-640 44.712551 256 ) (-640 192 256 ) (-192 192 256 ) (-192 44.712555 256 ) 
4 78 80 (-640 256 256 ) (-640 640 256 ) (-192 640 256 ) (-192 256 256 ) 
4 79 111 (0 0 -64 ) (0 0 256 ) (-64 0 256 ) (-64 0 -64 ) 
4 79 81 (-64 0 256 ) (-64 192 256 ) (-64 192 -64 ) (-64 0 -64 ) 
4 80 91 (-192 640 -64 ) (-64 640 -64 ) (-64 320 -64 ) (-192 320 -64 ) 
4 80 93 (-640 256 -64 ) (-640 640 -64 ) (-192 640 -64 ) (-192 256 -64 ) 
4 80 87 (-640 640 -64 ) (-640 256 -64 ) (-640 256 256 ) (-640 640 256 ) 
4 81 111 (-64 0 256 ) (-179 0 256 ) (-179 0 -64 ) (-64 0 -64 ) 
3 81 84 (-179 0 2.422371 ) (-179 0 51.306522 ) (-179 8.359680 49.832504 ) 
4 81 83 (-179 0 51.306522 ) (-179 0 256 ) (-179 44.712551 256 ) (-179 8.359680 49.832504 ) 
5 81 82 (-179 192 256 ) (-179 192 -64 ) (-179 0 -64 ) (-179 0 2.422371 ) (-179 44.712551 256 ) 
4 82 113 (-640 0 2.422363 ) (-640 0 -64 ) (-179 0 -64 ) (-179 0 2.422371 ) 
4 82 93 (-192 0 -64 ) (-640 0 -64 ) (-640 192 -64 ) (-192 192 -64 ) 
4 82 85 (-195 8.358940 49.832634 ) (-640 8.359070 49.832611 ) (-640 0 2.425934 ) (-195 0 2.426869 ) 
4 82 84 (-179 0 2.426903 ) (-179 8.358935 49.832634 ) (-195 8.358940 49.832634 ) (-195 0 2.426869 ) 
4 82 83 (-179 8.358935 49.832634 ) (-179 44.711914 256 ) (-640 44.711914 256 ) (-640 8.359070 49.832611 ) 
4 83 114 (-640 0 140.632751 ) (-640 0 51.306519 ) (-179 0 51.306522 ) (-179 0 140.632751 ) 
4 83 112 (-179 0 256 ) (-640 0 256 ) (-640 0 140.632751 ) (-179 0 140.632751 ) 
4 83 85 (-640 8.359375 49.833008 ) (-195 8.359375 49.833008 ) (-195 0 51.306973 ) (-640 0 51.306961 ) 
4 83 84 (-195 8.359375 49.833008 ) (-179 8.359375 49.833008 ) (-179 0 51.306973 ) (-195 0 51.306973 ) 
4 84 116 (-195 0 2.422371 ) (-179 0 2.422371 ) (-179 0 51.306522 ) (-195 0 51.306522 ) 
3 84 85 (-195 0 51.304321 ) (-195 8.355469 49.831055 ) (-195 0 2.444790 ) 
4 85 117 (-640 0 51.306519 ) (-640 0 2.422363 ) (-195 0 2.422371 ) (-195 0 51.306522 ) 
4 86 110 (-1024 0 1184 ) (-1024 0 256 ) (-640 0 256 ) (-640 0 1184 ) 
4 86 87 (-704 1024 256 ) (-640 1024 256 ) (-640 192 256 ) (-704 192 256 ) 
4 86 88 (-1024 1024 256 ) (-704 1024 256 ) (-704 0 256 ) (-1024 0 256 ) 
4 87 93 (-704 192 -64 ) (-704 832 -64 ) (-640 832 -64 ) (-640 192 -64 ) 
4 87 90 (-704 832 -64 ) (-704 1024 -64 ) (-640 1024 -64 ) (-640 832 -64 ) 
4 87 88 (-704 1024 -64 ) (-704 192 -64 ) (-704 192 256 ) (-704 1024 256 ) 
4 88 118 (-1024 0 256 ) (-1024 0 -64 ) (-704 0 -64 ) (-704 0 256 ) 
4 88 93 (-704 0 -64 ) (-1024 0 -64 ) (-1024 832 -64 ) (-704 832 -64 ) 
4 88 90 (-1024 832 -64 ) (-1024 1024 -64 ) (-704 1024 -64 ) (-704 832 -64 ) 
4 89 91 (-64 832 -1024 ) (0 832 -1024 ) (0 832 -192 ) (-64 832 -192 ) 
4 89 90 (-64 1024 -1024 ) (-64 832 -1024 ) (-64 832 -192 ) (-64 1024 -192 ) 
4 90 91 (-192 832 -1024 ) (-64 832 -1024 ) (-64 832 -64 ) (-192 832 -64 ) 
4 90 93 (-1024 832 -1024 ) (-192 832 -1024 ) (-192 832 -64 ) (-1024 832 -64 ) 
4 91 92 (-192 320 -128 ) (-192 320 -1024 ) (0 320 -1024 ) (0 320 -128 ) 
4 91 93 (-192 832 -64 ) (-192 832 -1024 ) (-192 320 -1024 ) (-192 320 -64 ) 
4 92 120 (0 0 -1024 ) (0 0 -128 ) (-192 0 -128 ) (-192 0 -1024 ) 
4 92 93 (-192 320 -1024 ) (-192 0 -1024 ) (-192 0 -128 ) (-192 320 -128 ) 
4 93 120 (-1024 0 -128 ) (-1024 0 -1024 ) (-192 0 -1024 ) (-192 0 -128 ) 
4 93 119 (-192 0 -64 ) (-1024 0 -64 ) (-1024 0 -128 ) (-192 0 -128 ) 
4 94 106 (1024 -1024 -1024 ) (1024 -1024 -64 ) (1024 0 -64 ) (1024 0 -1024 ) 
4 94 104 (1024 -256 256 ) (1024 -192 256 ) (1024 -192 -64 ) (1024 -256 -64 ) 
4 94 105 (1024 -1024 -64 ) (1024 -1024 256 ) (1024 -256 256 ) (1024 -256 -64 ) 
4 94 98 (1024 -192 256 ) (1024 0 256 ) (1024 0 -64 ) (1024 -192 -64 ) 
4 94 96 (1024 -1024 256 ) (1024 -1024 320 ) (1024 0 320 ) (1024 0 256 ) 
4 94 95 (1024 -1024 320 ) (1024 -1024 1184 ) (1024 0 1184 ) (1024 0 320 ) 
4 95 121 (0 -192 320 ) (0 -1024 320 ) (0 -1024 1184 ) (0 -192 1184 ) 
4 95 109 (0 0 1184 ) (0 0 320 ) (0 -192 320 ) (0 -192 1184 ) 
4 95 97 (384 -1024 320 ) (0 -1024 320 ) (0 -192 320 ) (384 -192 320 ) 
4 95 96 (1024 0 320 ) (1024 -1024 320 ) (384 -1024 320 ) (384 0 320 ) 
4 96 104 (384 -256 256 ) (384 -192 256 ) (1024 -192 256 ) (1024 -256 256 ) 
4 96 105 (1024 -1024 256 ) (384 -1024 256 ) (384 -256 256 ) (1024 -256 256 ) 
4 96 99 (384 -192 256 ) (384 -64 256 ) (480 -64 256 ) (480 -192 256 ) 
4 96 98 (480 0 256 ) (1024 0 256 ) (1024 -192 256 ) (480 -192 256 ) 
4 96 97 (384 -192 256 ) (384 -1024 256 ) (384 -1024 320 ) (384 -192 320 ) 
4 97 121 (0 -192 256 ) (0 -1024 256 ) (0 -1024 320 ) (0 -192 320 ) 
4 97 104 (192 -192 256 ) (384 -192 256 ) (384 -256 256 ) (192 -256 256 ) 
4 97 105 (384 -1024 256 ) (0 -1024 256 ) (0 -256 256 ) (384 -256 256 ) 
4 98 106 (1024 0 -64 ) (1024 -192 -64 ) (480 -192 -64 ) (480 0 -64 ) 
4 98 104 (480 -192 -64 ) (1024 -192 -64 ) (1024 -192 256 ) (480 -192 256 ) 
4 98 99 (480 -64 -64 ) (480 -192 -64 ) (480 -192 256 ) (480 -64 256 ) 
4 99 106 (480 -192 -64 ) (384 -192 -64 ) (384 -64 -64 ) (480 -64 -64 ) 
4 99 104 (384 -192 -64 ) (480 -192 -64 ) (480 -192 256 ) (384 -192 256 ) 
4 99 101 (384 -128 -64 ) (384 -192 -64 ) (384 -192 256 ) (384 -128 256 ) 
4 100 102 (288 0 -64 ) (288 -64 -64 ) (288 -64 256 ) (288 0 256 ) 
4 101 104 (288 -192 -64 ) (384 -192 -64 ) (384 -192 256 ) (288 -192 256 ) 
4 102 103 (192 0 -64 ) (192 -128 -64 ) (192 -128 256 ) (192 0 256 ) 
4 103 111 (0 0 256 ) (0 0 -64 ) (0 -192 -64 ) (0 -192 256 ) 
4 104 108 (384 -256 -64 ) (192 -256 -64 ) (192 -192 -64 ) (384 -192 -64 ) 
4 104 106 (1024 -192 -64 ) (1024 -256 -64 ) (384 -256 -64 ) (384 -192 -64 ) 
4 104 105 (192 -256 -64 ) (1024 -256 -64 ) (1024 -256 256 ) (192 -256 256 ) 
4 105 123 (0 -256 -64 ) (0 -1024 -64 ) (0 -1024 256 ) (0 -256 256 ) 
4 105 108 (384 -1024 -64 ) (0 -1024 -64 ) (0 -256 -64 ) (384 -256 -64 ) 
4 105 106 (1024 -256 -64 ) (1024 -1024 -64 ) (384 -1024 -64 ) (384 -256 -64 ) 
4 106 107 (384 0 -1024 ) (384 -192 -1024 ) (384 -192 -128 ) (384 0 -128 ) 
4 106 108 (384 -192 -1024 ) (384 -1024 -1024 ) (384 -1024 -64 ) (384 -192 -64 ) 
4 107 120 (0 0 -128 ) (0 0 -1024 ) (0 -192 -1024 ) (0 -192 -128 ) 
4 107 108 (0 -192 -1024 ) (384 -192 -1024 ) (384 -192 -128 ) (0 -192 -128 ) 
4 108 124 (0 -192 -1024 ) (0 -1024 -1024 ) (0 -1024 -64 ) (0 -192 -64 ) 
4 109 121 (0 -192 320 ) (0 -192 1184 ) (-192 -192 1184 ) (-192 -192 320 ) 
4 109 110 (-192 -192 320 ) (-192 -192 1184 ) (-192 0 1184 ) (-192 0 320 ) 
4 110 121 (-192 -192 1184 ) (-1024 -192 1184 ) (-1024 -192 256 ) (-192 -192 256 ) 
4 110 118 (-704 -192 256 ) (-1024 -192 256 ) (-1024 0 256 ) (-704 0 256 ) 
4 110 112 (-192 -192 256 ) (-640 -192 256 ) (-640 0 256 ) (-192 0 256 ) 
5 111 116 (-179 -25 -1.149223 ) (-179 -15.275700 54 ) (-179 0 51.306519 ) (-179 0 2.422363 ) (-179 -1.364619 -5.316781 ) 
4 111 115 (-179 -11.712049 -64 ) (-179 -36.082298 -64 ) (-179 -25 -1.149223 ) (-179 -1.364619 -5.316781 ) 
3 111 114 (-179 -15.275700 54 ) (-179 0 140.632751 ) (-179 0 51.306519 ) 
3 111 113 (-179 0 -64 ) (-179 -11.712049 -64 ) (-179 0 2.422363 ) 
5 111 112 (-179 -36.082298 -64 ) (-179 -192 -64 ) (-179 -192 256 ) (-179 0 256 ) (-179 0 140.632751 ) 
4 112 119 (-192 -192 -64 ) (-640 -192 -64 ) (-640 -36.082291 -64 ) (-192 -36.082298 -64 ) 
4 112 117 (-195 -25 -1.149124 ) (-640 -25 -1.149109 ) (-640 -15.276342 54 ) (-195 -15.276258 54 ) 
4 112 116 (-179 -15.276255 54 ) (-179 -25 -1.149124 ) (-195 -25 -1.149124 ) (-195 -15.276258 54 ) 
4 112 115 (-179 -25 -1.149124 ) (-179 -36.082867 -64 ) (-640 -36.083008 -64 ) (-640 -25 -1.149109 ) 
4 112 114 (-179 0 140.636002 ) (-179 -15.276255 54 ) (-640 -15.276342 54 ) (-640 0 140.636292 ) 
4 113 119 (-640 -11.712048 -64 ) (-640 0 -64 ) (-192 0 -64 ) (-192 -11.712049 -64 ) 
4 113 117 (-640 0 2.420410 ) (-640 -1.364285 -5.316840 ) (-195 -1.364447 -5.316808 ) (-195 0 2.421331 ) 
4 113 116 (-195 -1.364447 -5.316808 ) (-179 -1.364452 -5.316807 ) (-179 0 2.421364 ) (-195 0 2.421331 ) 
4 113 115 (-640 -1.364285 -5.316840 ) (-640 -11.711700 -64 ) (-179 -11.711914 -64 ) (-179 -1.364452 -5.316807 ) 
4 114 117 (-195 -15.276484 54 ) (-640 -15.276490 54 ) (-640 0 51.306839 ) (-195 0 51.306839 ) 
4 114 116 (-179 -15.276484 54 ) (-195 -15.276484 54 ) (-195 0 51.306839 ) (-179 0 51.306839 ) 
4 115 119 (-640 -36.082291 -64 ) (-640 -11.712048 -64 ) (-192 -11.712049 -64 ) (-192 -36.082298 -64 ) 
4 115 117 (-195 -1.363281 -5.316406 ) (-640 -1.363281 -5.316406 ) (-640 -25 -1.148534 ) (-195 -25 -1.148533 ) 
4 115 116 (-179 -1.363281 -5.316406 ) (-195 -1.363281 -5.316406 ) (-195 -25 -1.148533 ) (-179 -25 -1.148533 ) 
5 116 117 (-195 -1.355469 -5.319336 ) (-195 -25 -1.150136 ) (-195 -15.273438 54 ) (-195 0 51.307137 ) (-195 0 2.379059 ) 
4 118 122 (-704 -192 256 ) (-1024 -192 256 ) (-1024 -192 -64 ) (-704 -192 -64 ) 
4 118 119 (-704 -192 -64 ) (-1024 -192 -64 ) (-1024 0 -64 ) (-704 0 -64 ) 
4 119 124 (-192 -192 -64 ) (-1024 -192 -64 ) (-1024 -192 -128 ) (-192 -192 -128 ) 
4 119 120 (-192 -192 -128 ) (-1024 -192 -128 ) (-1024 0 -128 ) (-192 0 -128 ) 
4 120 124 (0 -192 -1024 ) (0 -192 -128 ) (-1024 -192 -128 ) (-1024 -192 -1024 ) 
4 121 122 (-1024 -256 256 ) (-1024 -192 256 ) (-640 -192 256 ) (-640 -256 256 ) 
4 121 123 (0 -1024 256 ) (-1024 -1024 256 ) (-1024 -256 256 ) (0 -256 256 ) 
4 122 124 (-1024 -256 -64 ) (-1024 -192 -64 ) (-640 -192 -64 ) (-640 -256 -64 ) 
4 122 123 (-1024 -256 -64 ) (-640 -256 -64 ) (-640 -256 256 ) (-1024 -256 256 ) 
4 123 124 (-1024 -1024 -64 ) (-1024 -256 -64 ) (0 -256 -64 ) (0 -1024 -64 ) 
