PRT1
106
338
4 0 7 (1376 1024 1184 ) (1024 1024 1184 ) (1024 1024 -1024 ) (1376 1024 -1024 ) 
4 0 2 (1024 1024 -192 ) (1024 1024 1184 ) (1024 1536 1184 ) (1024 1536 -192 ) 
4 0 6 (1024 1024 -1024 ) (1024 1024 -192 ) (1024 1536 -192 ) (1024 1536 -1024 ) 
4 0 1 (1024 1536 1184 ) (1024 1824 1184 ) (1024 1824 -1024 ) (1024 1536 -1024 ) 
4 1 49 (0 1536 1184 ) (0 1824 1184 ) (0 1824 -1024 ) (0 1536 -1024 ) 
3 1 5 (0 1536 256 ) (0 1536 224 ) (64 1536 224 ) 
3 1 4 (64 1536 -192 ) (396.799988 1536 -192 ) (64 1536 224 ) 
3 1 3 (0 1536 304 ) (0 1536 288 ) (32 1536 264 ) 
5 1 2 (1024 1536 -192 ) (1024 1536 1184 ) (0 1536 1184 ) (0 1536 304 ) (396.799988 1536 -192 ) 
4 1 6 (0 1536 -1024 ) (1024 1536 -1024 ) (1024 1536 -192 ) (0 1536 -192 ) 
4 2 51 (0 1024 304 ) (0 1024 1184 ) (0 1536 1184 ) (0 1536 304 ) 
3 2 37 (243.199982 1024 0 ) (384 1024 -176 ) (384 1024 0 ) 
4 2 32 (384 1024 256 ) (38.399994 1024 256 ) (140.799957 1024 128 ) (384 1024 128 ) 
4 2 31 (140.799957 1024 128 ) (243.199982 1024 0 ) (384 1024 0 ) (384 1024 128 ) 
4 2 22 (672 1024 256 ) (384 1024 256 ) (384 1024 128 ) (672 1024 128 ) 
5 2 20 (384 1024 128 ) (384 1024 -176 ) (396.799957 1024 -192 ) (672 1024 -192 ) (672 1024 128 ) 
4 2 19 (1024 1024 -192 ) (1024 1024 256 ) (672 1024 256 ) (672 1024 -192 ) 
5 2 9 (672 1024 1184 ) (0 1024 1184 ) (0 1024 304 ) (38.399994 1024 256 ) (672 1024 256 ) 
4 2 8 (1024 1024 256 ) (1024 1024 1184 ) (672 1024 1184 ) (672 1024 256 ) 
4 2 4 (64 1536 224 ) (396.800964 1536 -192 ) (396.800903 1024 -192 ) (64 1024 224 ) 
4 2 3 (0 1536 304 ) (32.001640 1536 263.998779 ) (32.001556 1024 263.998779 ) (0 1024 304 ) 
4 2 6 (1024 1024 -192 ) (396.799927 1024 -192 ) (396.799988 1536 -192 ) (1024 1536 -192 ) 
4 3 51 (0 1024 288 ) (0 1024 304 ) (0 1536 304 ) (0 1536 288 ) 
3 3 10 (0 1024 304 ) (0 1024 288 ) (32 1024 264 ) 
5 4 37 (64 1024 -192 ) (384 1024 -192 ) (384 1024 -176 ) (243.199982 1024 0 ) (64 1024 0 ) 
3 4 35 (140.799988 1024 128 ) (64 1024 224 ) (64 1024 128 ) 
4 4 33 (243.199982 1024 0 ) (140.799988 1024 128 ) (64 1024 128 ) (64 1024 0 ) 
3 4 20 (384 1024 -192 ) (396.799957 1024 -192 ) (384 1024 -176 ) 
4 4 6 (396.799927 1024 -192 ) (64 1024 -192 ) (64 1536 -192 ) (396.799988 1536 -192 ) 
4 5 50 (0 1024 224 ) (0 1024 256 ) (0 1536 256 ) (0 1536 224 ) 
3 5 36 (0 1024 256 ) (0 1024 224 ) (64 1024 224 ) 
4 6 53 (0 1024 -1024 ) (0 1024 -192 ) (0 1536 -192 ) (0 1536 -1024 ) 
4 6 48 (1024 1024 -1024 ) (1024 1024 -192 ) (0 1024 -192 ) (0 1024 -1024 ) 
4 7 81 (1376 0 1184 ) (1024 0 1184 ) (1024 0 -1024 ) (1376 0 -1024 ) 
4 7 48 (1024 1024 -192 ) (1024 1024 -1024 ) (1024 0 -1024 ) (1024 0 -192 ) 
4 7 24 (1024 0 -64 ) (1024 0 256 ) (1024 320 256 ) (1024 320 -64 ) 
4 7 30 (1024 320 -192 ) (1024 0 -192 ) (1024 0 -64 ) (1024 320 -64 ) 
4 7 19 (1024 1024 256 ) (1024 1024 -192 ) (1024 320 -192 ) (1024 320 256 ) 
4 7 16 (1024 640 256 ) (1024 0 256 ) (1024 0 1184 ) (1024 640 1184 ) 
4 7 8 (1024 1024 1184 ) (1024 1024 256 ) (1024 640 256 ) (1024 640 1184 ) 
4 8 19 (672 1024 256 ) (1024 1024 256 ) (1024 640 256 ) (672 640 256 ) 
4 8 16 (672 640 256 ) (1024 640 256 ) (1024 640 1184 ) (672 640 1184 ) 
3 8 14 (672 768 256 ) (672 640 256 ) (672 640 288 ) 
3 8 12 (672 768 288 ) (672 784 284 ) (672 800 264 ) 
3 8 11 (672 640 320 ) (672 640 464 ) (672 784 284 ) 
5 8 9 (672 1024 256 ) (672 806.400024 256 ) (672 640 464 ) (672 640 1184 ) (672 1024 1184 ) 
3 9 65 (0 768 304 ) (0 755.200073 320 ) (0 768 320 ) 
4 9 56 (0 1024 320 ) (0 1024 304 ) (0 768 304 ) (0 768 320 ) 
5 9 55 (0 1024 1184 ) (0 1024 320 ) (0 755.200073 320 ) (0 640 464 ) (0 640 1184 ) 
4 9 32 (38.399944 1024 256 ) (384 1024 256 ) (384 806.400024 256 ) (38.399902 806.400024 256 ) 
4 9 22 (384 1024 256 ) (672 1024 256 ) (672 806.400024 256 ) (384 806.400024 256 ) 
4 9 17 (384 640 1184 ) (0 640 1184 ) (0 640 464 ) (384 640 464 ) 
4 9 16 (672 640 464 ) (672 640 1184 ) (384 640 1184 ) (384 640 464 ) 
4 9 12 (672 800.005676 263.995728 ) (672 784.002563 284 ) (16 784.002563 284 ) (32.003342 800.005676 263.995728 ) 
5 9 11 (672 784.002563 284 ) (672 640 464 ) (0 640 464 ) (0 768.001892 304 ) (16 784.002563 284 ) 
4 9 10 (32 800 264 ) (0 768 304 ) (0 1024 304 ) (32 1024 264 ) 
4 10 56 (0 1024 304 ) (0 1024 288 ) (0 780.800110 288 ) (0 768 304 ) 
3 10 13 (32 800.002258 264 ) (16 784.002563 284 ) (5.334100 784.002563 284 ) 
4 10 11 (16 784.002563 284 ) (0 768.001892 304 ) (0 780.802063 288 ) (5.334100 784.002563 284 ) 
4 11 65 (0 640 320 ) (0 755.200012 320 ) (0 768 304 ) (0 768 288 ) 
3 11 56 (0 768 304 ) (0 780.800049 288 ) (0 768 288 ) 
3 11 55 (0 640 320 ) (0 640 464 ) (0 755.200012 320 ) 
4 11 17 (384 640 464 ) (0 640 464 ) (0 640 320 ) (384 640 320 ) 
4 11 16 (672 640 320 ) (672 640 464 ) (384 640 464 ) (384 640 320 ) 
4 11 13 (5.332592 783.998047 284 ) (16 783.998047 284 ) (12.799988 768 288 ) (0 768 288 ) 
4 11 12 (16 783.998047 284 ) (672 783.998047 284 ) (672 768 288 ) (12.799988 768 288 ) 
3 12 13 (31.988281 799.984375 264.019531 ) (12.800781 768.007813 288 ) (15.998827 783.998047 284.002441 ) 
4 14 43 (384 640 256 ) (64 640 256 ) (64 768 256 ) (384 768 256 ) 
4 14 23 (672 736 256 ) (672 640 256 ) (640 640 256 ) (640 736 256 ) 
4 14 21 (672 768 256 ) (672 736 256 ) (384 736 256 ) (384 768 256 ) 
4 14 17 (38.399906 640 256 ) (384 640 256 ) (384 640 288 ) (12.799902 640 288 ) 
4 14 16 (384 640 256 ) (672 640 256 ) (672 640 288 ) (384 640 288 ) 
3 14 15 (32.001900 640 263.998505 ) (12.800703 640 288 ) (32.001999 736.006348 263.998444 ) 
3 15 17 (32 640 264 ) (12.799892 640 288 ) (0 640 288 ) 
4 16 83 (1024 0 256 ) (1024 0 320 ) (384 0 320 ) (384 0 256 ) 
4 16 82 (1024 0 320 ) (1024 0 1184 ) (384 0 1184 ) (384 0 320 ) 
4 16 28 (480 64 256 ) (480 320 256 ) (576 320 256 ) (576 64 256 ) 
4 16 29 (480 0 256 ) (384 0 256 ) (384 320 256 ) (480 320 256 ) 
4 16 26 (576 128 256 ) (576 320 256 ) (640 320 256 ) (640 128 256 ) 
4 16 27 (640 0 256 ) (576 0 256 ) (576 64 256 ) (640 64 256 ) 
4 16 25 (704 0 256 ) (640 0 256 ) (640 128 256 ) (704 128 256 ) 
4 16 24 (1024 0 256 ) (704 0 256 ) (704 320 256 ) (1024 320 256 ) 
4 16 23 (640 640 256 ) (672 640 256 ) (672 320 256 ) (640 320 256 ) 
4 16 19 (672 640 256 ) (1024 640 256 ) (1024 320 256 ) (672 320 256 ) 
4 16 18 (384 0 1184 ) (384 320 1184 ) (384 320 320 ) (384 0 320 ) 
4 16 17 (384 320 1184 ) (384 640 1184 ) (384 640 256 ) (384 320 256 ) 
4 17 68 (0 640 320 ) (0 640 256 ) (0 320 256 ) (0 320 320 ) 
4 17 55 (0 320 1184 ) (0 640 1184 ) (0 640 320 ) (0 320 320 ) 
4 17 44 (64 640 256 ) (384 640 256 ) (384 320 256 ) (64 320 256 ) 
4 17 18 (384 320 320 ) (384 320 1184 ) (0 320 1184 ) (0 320 320 ) 
4 18 82 (384 0 1184 ) (0 0 1184 ) (0 0 320 ) (384 0 320 ) 
4 18 55 (0 0 320 ) (0 0 1184 ) (0 320 1184 ) (0 320 320 ) 
4 19 48 (1024 1024 -192 ) (1024 320 -192 ) (672 320 -192 ) (672 1024 -192 ) 
4 19 24 (1024 320 -64 ) (1024 320 256 ) (704 320 256 ) (704 320 -64 ) 
4 19 30 (672 320 -192 ) (1024 320 -192 ) (1024 320 -64 ) (672 320 -64 ) 
4 19 23 (672 320 224 ) (672 320 256 ) (672 736 256 ) (672 736 224 ) 
4 19 22 (672 806.399963 256 ) (672 1024 256 ) (672 1024 128 ) (672 832 224 ) 
4 19 21 (672 736 224 ) (672 736 256 ) (672 768 256 ) (672 832 224 ) 
4 19 20 (672 1024 -192 ) (672 832 -192 ) (672 832 224 ) (672 1024 128 ) 
4 20 48 (384 832 -192 ) (384 1024 -192 ) (672 1024 -192 ) (672 832 -192 ) 
4 20 37 (384 1024 -192 ) (384 832 -192 ) (384 832 0 ) (384 1024 0 ) 
4 20 31 (384 832 0 ) (384 832 224 ) (384 1024 128 ) (384 1024 0 ) 
4 20 22 (384 1024 128 ) (384 832 224 ) (672 832 224 ) (672 1024 128 ) 
4 21 43 (384 736 224 ) (384 736 256 ) (384 768 256 ) (384 768 224 ) 
4 21 41 (384 768 256 ) (384 800 240 ) (384 800 224 ) (384 768 224 ) 
3 21 31 (384 800 240 ) (384 832 224 ) (384 800 224 ) 
4 21 23 (640 736 224 ) (672 736 224 ) (672 736 256 ) (640 736 256 ) 
4 22 32 (384 806.399963 256 ) (384 1024 256 ) (384 1024 128 ) (384 832 224 ) 
4 24 85 (1024 0 -64 ) (1024 0 256 ) (704 0 256 ) (704 0 -64 ) 
4 24 25 (704 128 -64 ) (704 0 -64 ) (704 0 256 ) (704 128 256 ) 
4 24 30 (704 320 -64 ) (1024 320 -64 ) (1024 0 -64 ) (704 0 -64 ) 
4 25 85 (704 0 256 ) (640 0 256 ) (640 0 -64 ) (704 0 -64 ) 
4 25 27 (640 64 -64 ) (640 0 -64 ) (640 0 256 ) (640 64 256 ) 
4 25 30 (704 128 -64 ) (704 0 -64 ) (640 0 -64 ) (640 128 -64 ) 
4 26 28 (576 320 256 ) (576 320 -64 ) (576 128 -64 ) (576 128 256 ) 
4 26 30 (576 320 -64 ) (640 320 -64 ) (640 128 -64 ) (576 128 -64 ) 
4 27 85 (640 0 256 ) (576 0 256 ) (576 0 -64 ) (640 0 -64 ) 
4 27 30 (640 64 -64 ) (640 0 -64 ) (576 0 -64 ) (576 64 -64 ) 
4 28 29 (480 320 256 ) (480 320 -64 ) (480 64 -64 ) (480 64 256 ) 
4 28 30 (480 320 -64 ) (576 320 -64 ) (576 64 -64 ) (480 64 -64 ) 
4 29 44 (384 256 256 ) (384 320 256 ) (384 320 -64 ) (384 256 -64 ) 
4 29 45 (384 0 -64 ) (384 0 256 ) (384 256 256 ) (384 256 -64 ) 
4 29 30 (384 0 -64 ) (384 320 -64 ) (480 320 -64 ) (480 0 -64 ) 
4 30 93 (1024 0 -192 ) (1024 0 -64 ) (384 0 -64 ) (384 0 -192 ) 
4 30 48 (1024 320 -192 ) (1024 0 -192 ) (384 0 -192 ) (384 320 -192 ) 
4 30 47 (384 320 -192 ) (384 0 -192 ) (384 0 -128 ) (384 320 -128 ) 
4 31 41 (384 800 64 ) (384 800 240 ) (51.199867 800 240 ) (64 800 224 ) 
4 31 40 (384 800 0 ) (384 800 64 ) (64 800 224 ) (243.199905 800 0 ) 
4 31 38 (320 800 0 ) (243.199921 800 0 ) (243.199921 832 0 ) (320 832 0 ) 
4 31 37 (243.199921 832 0 ) (243.199951 1024 0 ) (384 1024 0 ) (384 832 0 ) 
5 31 33 (243.199341 1024 0 ) (243.199310 800 0 ) (64 800 224 ) (64 832.001770 224 ) (140.799316 1024 128 ) 
4 31 32 (140.799194 1024 128 ) (64 832 224 ) (384 832 224 ) (384 1024 128 ) 
3 32 35 (64 1024 224 ) (140.799316 1024 128 ) (64 832 224 ) 
3 33 40 (64 800 0 ) (243.199905 800 0 ) (64 800 224 ) 
4 33 38 (243.199921 800 0 ) (128 800 0 ) (128 832 0 ) (243.199921 832 0 ) 
4 33 37 (64 832 0 ) (64 1024 0 ) (243.199951 1024 0 ) (243.199921 832 0 ) 
3 33 35 (64 832.001953 224 ) (140.799225 1024 128 ) (64 1024 128 ) 
4 33 34 (64 800 223.996094 ) (64 832 223.996094 ) (64 832 0 ) (64 800 0 ) 
4 34 57 (0 832 0 ) (0 800 0 ) (0 800 240 ) (0 832 224 ) 
5 34 40 (0 800 240 ) (0 800 0 ) (64 800 0 ) (64 800 224 ) (32 800 240 ) 
4 34 39 (64 800 0 ) (0 800 0 ) (0 832 0 ) (64 832 0 ) 
4 36 59 (0 806.400024 256 ) (0 1024 256 ) (0 1024 224 ) (0 832 224 ) 
4 37 48 (64 1024 -192 ) (384 1024 -192 ) (384 832 -192 ) (64 832 -192 ) 
4 37 38 (128 832 -192 ) (320 832 -192 ) (320 832 0 ) (128 832 0 ) 
4 38 48 (128 832 -192 ) (320 832 -192 ) (320 800 -192 ) (128 800 -192 ) 
4 38 46 (128 800 -192 ) (320 800 -192 ) (320 800 -64 ) (128 800 -64 ) 
4 38 40 (320 800 -64 ) (320 800 0 ) (128 800 0 ) (128 800 -64 ) 
4 39 78 (0 832 -192 ) (0 800 -192 ) (0 800 -64 ) (0 832 -64 ) 
4 39 57 (0 800 -64 ) (0 800 0 ) (0 832 0 ) (0 832 -64 ) 
4 39 48 (0 800 -192 ) (0 832 -192 ) (64 832 -192 ) (64 800 -192 ) 
4 39 46 (0 800 -192 ) (64 800 -192 ) (64 800 -64 ) (0 800 -64 ) 
4 39 40 (64 800 -64 ) (64 800 0 ) (0 800 0 ) (0 800 -64 ) 
4 40 57 (0 768 256 ) (0 800 240 ) (0 800 -64 ) (0 768 -64 ) 
4 40 46 (0 800 -64 ) (384 800 -64 ) (384 768 -64 ) (0 768 -64 ) 
4 40 42 (64 768 -64 ) (384 768 -64 ) (384 768 64 ) (64 768 224 ) 
4 40 41 (64 768 224 ) (384 768 64 ) (384 800 64 ) (64 800 224 ) 
4 41 43 (384 768 64 ) (384 768 256 ) (64 768 256 ) (64 768 224 ) 
4 42 46 (384 768 -64 ) (384 640 -64 ) (64 640 -64 ) (64 768 -64 ) 
4 42 44 (64 640 -64 ) (384 640 -64 ) (384 640 64 ) (64 640 224 ) 
4 42 43 (384 768 64 ) (64 768 224 ) (64 640 224 ) (384 640 64 ) 
4 43 44 (384 640 64 ) (384 640 256 ) (64 640 256 ) (64 640 224 ) 
4 44 46 (384 640 -64 ) (384 320 -64 ) (64 320 -64 ) (64 640 -64 ) 
4 44 45 (64 256 -64 ) (384 256 -64 ) (384 256 256 ) (64 256 256 ) 
4 45 89 (288 0 256 ) (192 0 256 ) (192 0 -64 ) (288 0 -64 ) 
4 45 90 (192 0 256 ) (0 0 256 ) (0 0 -64 ) (192 0 -64 ) 
4 45 87 (384 0 256 ) (288 0 256 ) (288 0 -64 ) (384 0 -64 ) 
4 45 70 (0 0 -64 ) (0 0 256 ) (0 256 256 ) (0 256 -64 ) 
4 46 78 (0 320 -64 ) (0 800 -64 ) (0 800 -192 ) (0 320 -192 ) 
4 46 48 (0 320 -192 ) (0 800 -192 ) (384 800 -192 ) (384 320 -192 ) 
4 46 47 (0 320 -192 ) (384 320 -192 ) (384 320 -128 ) (0 320 -128 ) 
4 47 94 (0 0 -128 ) (0 0 -192 ) (384 0 -192 ) (384 0 -128 ) 
4 47 79 (0 0 -192 ) (0 0 -128 ) (0 320 -128 ) (0 320 -192 ) 
4 47 48 (384 0 -192 ) (0 0 -192 ) (0 320 -192 ) (384 320 -192 ) 
4 48 94 (384 0 -192 ) (0 0 -192 ) (0 0 -1024 ) (384 0 -1024 ) 
4 48 93 (1024 0 -1024 ) (1024 0 -192 ) (384 0 -192 ) (384 0 -1024 ) 
4 48 79 (0 0 -1024 ) (0 0 -192 ) (0 320 -192 ) (0 320 -1024 ) 
4 48 78 (0 320 -192 ) (0 832 -192 ) (0 832 -1024 ) (0 320 -1024 ) 
4 48 76 (0 832 -192 ) (0 1024 -192 ) (0 1024 -1024 ) (0 832 -1024 ) 
4 49 53 (-64 1536 -1024 ) (0 1536 -1024 ) (0 1536 -192 ) (-64 1536 -192 ) 
4 49 54 (-1024 1536 -1024 ) (-64 1536 -1024 ) (-64 1536 224 ) (-1024 1536 224 ) 
4 49 51 (0 1536 288 ) (0 1536 1184 ) (-128 1536 1184 ) (-128 1536 320 ) 
4 49 50 (0 1536 224 ) (0 1536 256 ) (-128 1536 288 ) (-128 1536 224 ) 
4 49 52 (-128 1536 1184 ) (-1024 1536 1184 ) (-1024 1536 224 ) (-128 1536 224 ) 
4 50 59 (0 1024 224 ) (0 1024 256 ) (-64 1024 272 ) (-64 1024 224 ) 
4 50 60 (-64 1024 272 ) (-128 1024 288 ) (-128 1024 224 ) (-64 1024 224 ) 
4 50 54 (-128 1536 224 ) (-64 1536 224 ) (-64 1024 224 ) (-128 1024 224 ) 
4 50 52 (-128 1536 288 ) (-128 1536 224 ) (-128 1024 224 ) (-128 1024 288 ) 
3 51 56 (0 1024 288 ) (0 1024 320 ) (-128 1024 320 ) 
4 51 55 (0 1024 320 ) (0 1024 1184 ) (-128 1024 1184 ) (-128 1024 320 ) 
4 51 52 (-128 1536 1184 ) (-128 1536 320 ) (-128 1024 320 ) (-128 1024 1184 ) 
4 52 74 (-704 1024 224 ) (-640 1024 224 ) (-640 1024 256 ) (-704 1024 256 ) 
4 52 75 (-1024 1024 256 ) (-1024 1024 224 ) (-704 1024 224 ) (-704 1024 256 ) 
4 52 73 (-640 1024 1184 ) (-1024 1024 1184 ) (-1024 1024 256 ) (-640 1024 256 ) 
4 52 62 (-128 1024 288 ) (-128 1024 320 ) (-224 1024 320 ) (-224 1024 312 ) 
4 52 60 (-224 1024 224 ) (-128 1024 224 ) (-128 1024 288 ) (-224 1024 312 ) 
4 52 67 (-640 1024 320 ) (-640 1024 224 ) (-224 1024 224 ) (-224 1024 320 ) 
4 52 55 (-128 1024 1184 ) (-640 1024 1184 ) (-640 1024 320 ) (-128 1024 320 ) 
4 52 54 (-1024 1024 224 ) (-1024 1536 224 ) (-128 1536 224 ) (-128 1024 224 ) 
4 53 76 (0 1024 -1024 ) (0 1024 -192 ) (-64 1024 -192 ) (-64 1024 -1024 ) 
4 53 54 (-64 1536 -192 ) (-64 1536 -1024 ) (-64 1024 -1024 ) (-64 1024 -192 ) 
4 54 77 (-1024 1024 -64 ) (-1024 1024 -1024 ) (-64 1024 -1024 ) (-64 1024 -64 ) 
4 54 74 (-640 1024 224 ) (-704 1024 224 ) (-704 1024 -64 ) (-640 1024 -64 ) 
4 54 75 (-704 1024 224 ) (-1024 1024 224 ) (-1024 1024 -64 ) (-704 1024 -64 ) 
4 54 60 (-64 1024 224 ) (-224 1024 224 ) (-224 1024 128 ) (-64 1024 128 ) 
4 54 58 (-224 1024 128 ) (-224 1024 -64 ) (-64 1024 -64 ) (-64 1024 128 ) 
4 54 67 (-224 1024 224 ) (-640 1024 224 ) (-640 1024 -64 ) (-224 1024 -64 ) 
4 55 96 (0 0 320 ) (0 0 1184 ) (-640 0 1184 ) (-640 0 320 ) 
4 55 73 (-640 1024 1184 ) (-640 1024 320 ) (-640 0 320 ) (-640 0 1184 ) 
4 55 68 (-192 320 320 ) (-192 640 320 ) (0 640 320 ) (0 320 320 ) 
4 55 69 (-192 0 320 ) (-640 0 320 ) (-640 640 320 ) (-192 640 320 ) 
4 55 66 (-128 640 320 ) (-224 640 320 ) (-224 768 320 ) (-128 768 320 ) 
4 55 65 (0 768 320 ) (0 640 320 ) (-128 640 320 ) (-128 768 320 ) 
4 55 62 (-224 1024 320 ) (-128 1024 320 ) (-128 768 320 ) (-224 768 320 ) 
4 55 56 (-128 1024 320 ) (0 1024 320 ) (0 768 320 ) (-128 768 320 ) 
4 55 67 (-640 640 320 ) (-640 1024 320 ) (-224 1024 320 ) (-224 640 320 ) 
3 56 65 (0 768 288 ) (0 768 320 ) (-128 768 320 ) 
4 57 78 (0 832 -64 ) (0 768 -64 ) (-64 768 -64 ) (-64 832 -64 ) 
4 57 58 (-64 768 -64 ) (-64 768 255.998047 ) (-64 832 223.998047 ) (-64 832 -64 ) 
4 58 78 (-64 832 -64 ) (-64 768 -64 ) (-192 768 -64 ) (-192 832 -64 ) 
4 58 80 (-192 768 -64 ) (-224 768 -64 ) (-224 832 -64 ) (-192 832 -64 ) 
4 58 77 (-224 1024 -64 ) (-64 1024 -64 ) (-64 832 -64 ) (-224 832 -64 ) 
4 58 64 (-224 768 256 ) (-224 768 -64 ) (-64 768 -64 ) (-64 768 256 ) 
4 58 60 (-224 1024 128 ) (-224 832 224 ) (-64 832 224 ) (-64 1024 128 ) 
4 58 67 (-224 1024 -64 ) (-224 768 -64 ) (-224 768 256 ) (-224 1024 128 ) 
3 59 61 (-31.996948 800 264 ) (-64 793.600403 272 ) (-64 800 264 ) 
4 59 60 (-64 831.996887 224 ) (-64 793.596924 272 ) (-64 1024 272 ) (-64 1024 224 ) 
3 60 66 (-224 768 312 ) (-224 768 304 ) (-192 768 304 ) 
5 60 62 (-224 1024 312 ) (-224 768 312 ) (-192 768 304 ) (-128 780.799988 288 ) (-128 1024 288 ) 
5 60 61 (-64 800 264 ) (-64 793.600403 272 ) (-192.002045 768 304 ) (-224 768 304 ) (-224 800 264 ) 
5 60 67 (-224 768 304 ) (-224 768 312 ) (-224 1024 312 ) (-224 1024 128 ) (-224 832 224 ) 
4 61 66 (-224 768 304 ) (-224 768 288 ) (-128 768 288 ) (-192 768 304 ) 
3 61 62 (-192 768 304 ) (-128 768 288 ) (-128 780.799988 288 ) 
3 61 67 (-224 768 288 ) (-224 768 304 ) (-224 800 264 ) 
4 62 66 (-224 768 320 ) (-224 768 312 ) (-128 768 288 ) (-128 768 320 ) 
4 62 67 (-224 768 312 ) (-224 768 320 ) (-224 1024 320 ) (-224 1024 312 ) 
3 63 68 (0 640 256 ) (-64 640 272 ) (-64 640 256 ) 
4 63 64 (-64 640 256 ) (-64 640 272 ) (-64 704 272 ) (-64 768 256 ) 
4 64 78 (-64 640 -64 ) (-192 640 -64 ) (-192 768 -64 ) (-64 768 -64 ) 
4 64 80 (-192 640 -64 ) (-224 640 -64 ) (-224 768 -64 ) (-192 768 -64 ) 
4 64 71 (-224 640 256 ) (-224 640 -64 ) (-64 640 -64 ) (-64 640 256 ) 
5 64 68 (-192 640 256 ) (-64 640 256 ) (-64 640 272 ) (-128 640 288 ) (-192 640 288 ) 
4 64 69 (-224 640 288 ) (-224 640 256 ) (-192 640 256 ) (-192 640 288 ) 
4 64 67 (-224 768 -64 ) (-224 640 -64 ) (-224 640 288 ) (-224 768 256 ) 
3 66 67 (-224 640 320 ) (-224 768 320 ) (-224 768 288 ) 
4 67 80 (-640 640 -64 ) (-640 832 -64 ) (-224 832 -64 ) (-224 640 -64 ) 
4 67 77 (-640 832 -64 ) (-640 1024 -64 ) (-224 1024 -64 ) (-224 832 -64 ) 
4 67 74 (-640 1024 256 ) (-640 1024 -64 ) (-640 640 -64 ) (-640 640 256 ) 
4 67 73 (-640 1024 320 ) (-640 1024 256 ) (-640 640 256 ) (-640 640 320 ) 
4 67 71 (-640 640 256 ) (-640 640 -64 ) (-224 640 -64 ) (-224 640 256 ) 
4 67 69 (-224 640 320 ) (-640 640 320 ) (-640 640 256 ) (-224 640 256 ) 
4 68 71 (-192 320 256 ) (-192 640 256 ) (-64 640 256 ) (-64 320 256 ) 
4 68 69 (-192 640 320 ) (-192 640 256 ) (-192 320 256 ) (-192 320 320 ) 
4 69 98 (-192 0 320 ) (-640 0 320 ) (-640 0 256 ) (-192 0 256 ) 
4 69 73 (-640 0 256 ) (-640 0 320 ) (-640 640 320 ) (-640 640 256 ) 
4 69 71 (-640 256 256 ) (-640 640 256 ) (-192 640 256 ) (-192 256 256 ) 
4 69 72 (-192 0 256 ) (-640 0 256 ) (-640 192 256 ) (-192 192 256 ) 
4 70 99 (0 0 -64 ) (0 0 256 ) (-64 0 256 ) (-64 0 -64 ) 
4 70 72 (-64 0 256 ) (-64 192 256 ) (-64 192 -64 ) (-64 0 -64 ) 
4 71 78 (-192 640 -64 ) (-64 640 -64 ) (-64 320 -64 ) (-192 320 -64 ) 
4 71 80 (-640 256 -64 ) (-640 640 -64 ) (-192 640 -64 ) (-192 256 -64 ) 
4 71 74 (-640 640 -64 ) (-640 256 -64 ) (-640 256 256 ) (-640 640 256 ) 
4 72 99 (-64 0 256 ) (-640 0 256 ) (-640 0 -64 ) (-64 0 -64 ) 
4 72 80 (-192 0 -64 ) (-640 0 -64 ) (-640 192 -64 ) (-192 192 -64 ) 
4 73 98 (-1024 0 320 ) (-1024 0 256 ) (-640 0 256 ) (-640 0 320 ) 
4 73 96 (-1024 0 1184 ) (-1024 0 320 ) (-640 0 320 ) (-640 0 1184 ) 
4 73 74 (-704 1024 256 ) (-640 1024 256 ) (-640 192 256 ) (-704 192 256 ) 
4 73 75 (-1024 1024 256 ) (-704 1024 256 ) (-704 0 256 ) (-1024 0 256 ) 
4 74 80 (-704 192 -64 ) (-704 832 -64 ) (-640 832 -64 ) (-640 192 -64 ) 
4 74 77 (-704 832 -64 ) (-704 1024 -64 ) (-640 1024 -64 ) (-640 832 -64 ) 
4 74 75 (-704 1024 -64 ) (-704 192 -64 ) (-704 192 256 ) (-704 1024 256 ) 
4 75 100 (-1024 0 256 ) (-1024 0 -64 ) (-704 0 -64 ) (-704 0 256 ) 
4 75 80 (-704 0 -64 ) (-1024 0 -64 ) (-1024 832 -64 ) (-704 832 -64 ) 
4 75 77 (-1024 832 -64 ) (-1024 1024 -64 ) (-704 1024 -64 ) (-704 832 -64 ) 
4 76 78 (-64 832 -1024 ) (0 832 -1024 ) (0 832 -192 ) (-64 832 -192 ) 
4 76 77 (-64 1024 -1024 ) (-64 832 -1024 ) (-64 832 -192 ) (-64 1024 -192 ) 
4 77 78 (-192 832 -1024 ) (-64 832 -1024 ) (-64 832 -64 ) (-192 832 -64 ) 
4 77 80 (-1024 832 -1024 ) (-192 832 -1024 ) (-192 832 -64 ) (-1024 832 -64 ) 
4 78 79 (-192 320 -128 ) (-192 320 -1024 ) (0 320 -1024 ) (0 320 -128 ) 
4 78 80 (-192 832 -64 ) (-192 832 -1024 ) (-192 320 -1024 ) (-192 320 -64 ) 
4 79 103 (0 0 -1024 ) (0 0 -128 ) (-192 0 -128 ) (-192 0 -1024 ) 
4 79 80 (-192 320 -1024 ) (-192 0 -1024 ) (-192 0 -128 ) (-192 320 -128 ) 
4 80 105 (-192 0 -64 ) (-1024 0 -64 ) (-1024 0 -1024 ) (-192 0 -1024 ) 
4 81 93 (1024 -1024 -1024 ) (1024 -1024 -64 ) (1024 0 -64 ) (1024 0 -1024 ) 
4 81 91 (1024 -256 256 ) (1024 -192 256 ) (1024 -192 -64 ) (1024 -256 -64 ) 
4 81 92 (1024 -1024 -64 ) (1024 -1024 256 ) (1024 -256 256 ) (1024 -256 -64 ) 
4 81 85 (1024 -192 256 ) (1024 0 256 ) (1024 0 -64 ) (1024 -192 -64 ) 
4 81 83 (1024 -1024 256 ) (1024 -1024 320 ) (1024 0 320 ) (1024 0 256 ) 
4 81 82 (1024 -1024 320 ) (1024 -1024 1184 ) (1024 0 1184 ) (1024 0 320 ) 
4 82 96 (0 0 1184 ) (0 0 320 ) (0 -1024 320 ) (0 -1024 1184 ) 
4 82 84 (384 -1024 320 ) (0 -1024 320 ) (0 -192 320 ) (384 -192 320 ) 
4 82 83 (1024 0 320 ) (1024 -1024 320 ) (384 -1024 320 ) (384 0 320 ) 
4 83 91 (384 -256 256 ) (384 -192 256 ) (1024 -192 256 ) (1024 -256 256 ) 
4 83 92 (1024 -1024 256 ) (384 -1024 256 ) (384 -256 256 ) (1024 -256 256 ) 
4 83 86 (384 -192 256 ) (384 -64 256 ) (480 -64 256 ) (480 -192 256 ) 
4 83 85 (480 0 256 ) (1024 0 256 ) (1024 -192 256 ) (480 -192 256 ) 
4 83 84 (384 -192 256 ) (384 -1024 256 ) (384 -1024 320 ) (384 -192 320 ) 
4 84 97 (0 -192 256 ) (0 -1024 256 ) (0 -1024 320 ) (0 -192 320 ) 
4 84 91 (192 -192 256 ) (384 -192 256 ) (384 -256 256 ) (192 -256 256 ) 
4 84 92 (384 -1024 256 ) (0 -1024 256 ) (0 -256 256 ) (384 -256 256 ) 
4 85 93 (1024 0 -64 ) (1024 -192 -64 ) (480 -192 -64 ) (480 0 -64 ) 
4 85 91 (480 -192 -64 ) (1024 -192 -64 ) (1024 -192 256 ) (480 -192 256 ) 
4 85 86 (480 -64 -64 ) (480 -192 -64 ) (480 -192 256 ) (480 -64 256 ) 
4 86 93 (480 -192 -64 ) (384 -192 -64 ) (384 -64 -64 ) (480 -64 -64 ) 
4 86 91 (384 -192 -64 ) (480 -192 -64 ) (480 -192 256 ) (384 -192 256 ) 
4 86 88 (384 -128 -64 ) (384 -192 -64 ) (384 -192 256 ) (384 -128 256 ) 
4 87 89 (288 0 -64 ) (288 -64 -64 ) (288 -64 256 ) (288 0 256 ) 
4 88 91 (288 -192 -64 ) (384 -192 -64 ) (384 -192 256 ) (288 -192 256 ) 
4 89 90 (192 0 -64 ) (192 -128 -64 ) (192 -128 256 ) (192 0 256 ) 
4 90 99 (0 0 256 ) (0 0 -64 ) (0 -192 -64 ) (0 -192 256 ) 
4 91 95 (384 -256 -64 ) (192 -256 -64 ) (192 -192 -64 ) (384 -192 -64 ) 
4 91 93 (1024 -192 -64 ) (1024 -256 -64 ) (384 -256 -64 ) (384 -192 -64 ) 
4 91 92 (192 -256 -64 ) (1024 -256 -64 ) (1024 -256 256 ) (192 -256 256 ) 
4 92 102 (0 -256 -64 ) (0 -1024 -64 ) (0 -1024 256 ) (0 -256 256 ) 
4 92 95 (384 -1024 -64 ) (0 -1024 -64 ) (0 -256 -64 ) (384 -256 -64 ) 
4 92 93 (1024 -256 -64 ) (1024 -1024 -64 ) (384 -1024 -64 ) (384 -256 -64 ) 
4 93 94 (384 0 -1024 ) (384 -192 -1024 ) (384 -192 -128 ) (384 0 -128 ) 
4 93 95 (384 -192 -1024 ) (384 -1024 -1024 ) (384 -1024 -64 ) (384 -192 -64 ) 
4 94 103 (0 0 -128 ) (0 0 -1024 ) (0 -192 -1024 ) (0 -192 -128 ) 
4 94 95 (0 -192 -1024 ) (384 -192 -1024 ) (384 -192 -128 ) (0 -192 -128 ) 
4 95 104 (0 -192 -1024 ) (0 -1024 -1024 ) (0 -1024 -64 ) (0 -192 -64 ) 
4 96 97 (0 -1024 320 ) (-192 -1024 320 ) (-192 -192 320 ) (0 -192 320 ) 
4 96 98 (-192 -1024 320 ) (-1024 -1024 320 ) (-1024 0 320 ) (-192 0 320 ) 
4 97 102 (0 -256 256 ) (0 -1024 256 ) (-192 -1024 256 ) (-192 -256 256 ) 
4 97 98 (-192 -192 256 ) (-192 -1024 256 ) (-192 -1024 320 ) (-192 -192 320 ) 
4 98 101 (-1024 -256 256 ) (-1024 -192 256 ) (-640 -192 256 ) (-640 -256 256 ) 
4 98 102 (-1024 -1024 256 ) (-1024 -256 256 ) (-192 -256 256 ) (-192 -1024 256 ) 
4 98 99 (-640 0 256 ) (-192 0 256 ) (-192 -192 256 ) (-640 -192 256 ) 
4 98 100 (-1024 -192 256 ) (-1024 0 256 ) (-704 0 256 ) (-704 -192 256 ) 
4 99 105 (-640 0 -64 ) (-192 0 -64 ) (-192 -192 -64 ) (-640 -192 -64 ) 
4 100 105 (-1024 -192 -64 ) (-1024 0 -64 ) (-704 0 -64 ) (-704 -192 -64 ) 
4 100 101 (-1024 -192 -64 ) (-704 -192 -64 ) (-704 -192 256 ) (-1024 -192 256 ) 
4 101 105 (-1024 -256 -64 ) (-1024 -192 -64 ) (-640 -192 -64 ) (-640 -256 -64 ) 
4 101 102 (-1024 -256 -64 ) (-640 -256 -64 ) (-640 -256 256 ) (-1024 -256 256 ) 
4 102 104 (0 -1024 -64 ) (-192 -1024 -64 ) (-192 -256 -64 ) (0 -256 -64 ) 
4 102 105 (-192 -1024 -64 ) (-1024 -1024 -64 ) (-1024 -256 -64 ) (-192 -256 -64 ) 
4 103 104 (-192 -192 -128 ) (-192 -192 -1024 ) (0 -192 -1024 ) (0 -192 -128 ) 
4 103 105 (-192 0 -1024 ) (-192 -192 -1024 ) (-192 -192 -128 ) (-192 0 -128 ) 
4 104 105 (-192 -192 -1024 ) (-192 -1024 -1024 ) (-192 -1024 -64 ) (-192 -192 -64 ) 
